\BOOKMARK [0][-]{chapter.1}{Introduction}{}% 1
\BOOKMARK [1][-]{section.1.1}{General tips}{chapter.1}% 2
\BOOKMARK [2][-]{subsection.1.1.1}{How \(not\) to work with files}{section.1.1}% 3
\BOOKMARK [2][-]{subsection.1.1.2}{Global environment overflow}{section.1.1}% 4
\BOOKMARK [2][-]{subsection.1.1.3}{Nesting for/if chunks}{section.1.1}% 5
\BOOKMARK [2][-]{subsection.1.1.4}{Use functions for transferable, manageable code}{section.1.1}% 6
\BOOKMARK [0][-]{chapter.2}{R}{}% 7
\BOOKMARK [1][-]{section.2.1}{Readable code}{chapter.2}% 8
\BOOKMARK [0][-]{chapter.3}{python}{}% 9
\BOOKMARK [0][-]{chapter.4}{Bash}{}% 10
\BOOKMARK [1][-]{section.4.1}{aliases}{chapter.4}% 11
\BOOKMARK [1][-]{section.4.2}{Bash scripts}{chapter.4}% 12
\BOOKMARK [0][-]{chapter.5}{Web servers}{}% 13
\BOOKMARK [1][-]{section.5.1}{Apache2}{chapter.5}% 14
\BOOKMARK [0][-]{chapter.6}{Spatial analysis}{}% 15
\BOOKMARK [1][-]{section.6.1}{R packages}{chapter.6}% 16
\BOOKMARK [1][-]{section.6.2}{python packages}{chapter.6}% 17
\BOOKMARK [1][-]{section.6.3}{Coordinate Reference System \(CRS\)}{chapter.6}% 18
\BOOKMARK [1][-]{section.6.4}{Spatial analysis in R 101}{chapter.6}% 19
\BOOKMARK [2][-]{subsection.6.4.1}{Reproject rasters and geometries}{section.6.4}% 20
